{
  "RSpec": {
    "coverage": {
      "/Users/gitikabose/Desktop/Sem8/ase/mentrme/app/models/user.rb": {
        "lines": [
          1,
          1,
          1,
          1,
          1,
          0,
          null,
          null,
          1,
          1,
          1,
          0,
          1,
          1,
          null,
          null,
          null,
          1,
          0,
          0,
          null,
          null,
          null,
          1,
          null,
          null
        ]
      },
      "/Users/gitikabose/Desktop/Sem8/ase/mentrme/app/models/application_record.rb": {
        "lines": [
          1,
          1,
          null
        ]
      },
      "/Users/gitikabose/Desktop/Sem8/ase/mentrme/app/helpers/application_helper.rb": {
        "lines": [
          1,
          null
        ]
      },
      "/Users/gitikabose/Desktop/Sem8/ase/mentrme/app/helpers/catalog_helper.rb": {
        "lines": [
          1,
          null
        ]
      },
      "/Users/gitikabose/Desktop/Sem8/ase/mentrme/app/helpers/homepage_helper.rb": {
        "lines": [
          1,
          null
        ]
      },
      "/Users/gitikabose/Desktop/Sem8/ase/mentrme/app/helpers/users_helper.rb": {
        "lines": [
          1,
          null
        ]
      },
      "/Users/gitikabose/Desktop/Sem8/ase/mentrme/app/controllers/users_controller.rb": {
        "lines": [
          1,
          1,
          null,
          1,
          null,
          null
        ]
      },
      "/Users/gitikabose/Desktop/Sem8/ase/mentrme/app/controllers/application_controller.rb": {
        "lines": [
          1,
          1,
          null,
          1,
          1,
          0,
          0,
          0,
          0,
          null,
          null
        ]
      },
      "/Users/gitikabose/Desktop/Sem8/ase/mentrme/app/controllers/homepage_controller.rb": {
        "lines": [
          1,
          1,
          1,
          null,
          null
        ]
      },
      "/Users/gitikabose/Desktop/Sem8/ase/mentrme/app/mailers/application_mailer.rb": {
        "lines": [
          null,
          null,
          null,
          null
        ],
        "branches": {
        }
      },
      "/Users/gitikabose/Desktop/Sem8/ase/mentrme/app/jobs/application_job.rb": {
        "lines": [
          0,
          null,
          null,
          null,
          null,
          null,
          0
        ],
        "branches": {
        }
      },
      "/Users/gitikabose/Desktop/Sem8/ase/mentrme/app/controllers/catalog_controller.rb": {
        "lines": [
          0,
          0,
          0,
          0,
          0,
          0,
          0,
          0,
          null,
          0,
          0,
          0,
          0,
          0
        ],
        "branches": {
        }
      },
      "/Users/gitikabose/Desktop/Sem8/ase/mentrme/app/channels/application_cable/connection.rb": {
        "lines": [
          0,
          0,
          0,
          0
        ],
        "branches": {
        }
      },
      "/Users/gitikabose/Desktop/Sem8/ase/mentrme/app/channels/application_cable/channel.rb": {
        "lines": [
          0,
          0,
          0,
          0
        ],
        "branches": {
        }
      }
    },
    "timestamp": 1616986393
  },
  "Cucumber Features": {
    "coverage": {
      "/Users/sharonjin/Desktop/mentr/app/models/user.rb": {
        "lines": [
          1,
          1,
          1,
          1,
          1,
          16,
          null,
          null,
          1,
          12,
          12,
          12,
          0,
          0,
          null,
          null,
          null,
          1,
          3,
          3,
          null,
          null,
          null,
          1,
          null,
          null
        ]
      },
      "/Users/sharonjin/Desktop/mentr/app/models/application_record.rb": {
        "lines": [
          1,
          1,
          null
        ]
      },
      "/Users/sharonjin/Desktop/mentr/app/controllers/catalog_controller.rb": {
        "lines": [
          1,
          1,
          null,
          1,
          15,
          3,
          null,
          12,
          null,
          null,
          null,
          1,
          1,
          1,
          null,
          null
        ]
      },
      "/Users/sharonjin/Desktop/mentr/app/controllers/application_controller.rb": {
        "lines": [
          1,
          1,
          null,
          1,
          1,
          39,
          39,
          39,
          39,
          null,
          null
        ]
      },
      "/Users/sharonjin/Desktop/mentr/app/helpers/application_helper.rb": {
        "lines": [
          1,
          null
        ]
      },
      "/Users/sharonjin/Desktop/mentr/app/helpers/catalog_helper.rb": {
        "lines": [
          1,
          null
        ]
      },
      "/Users/sharonjin/Desktop/mentr/app/helpers/homepage_helper.rb": {
        "lines": [
          1,
          null
        ]
      },
      "/Users/sharonjin/Desktop/mentr/app/helpers/users_helper.rb": {
        "lines": [
          1,
          null
        ]
      },
      "/Users/sharonjin/Desktop/mentr/app/controllers/homepage_controller.rb": {
        "lines": [
          1,
          1,
          null,
          null
        ]
      },
      "/Users/sharonjin/Desktop/mentr/app/mailers/application_mailer.rb": {
        "lines": [
          null,
          null,
          null,
          null
        ],
        "branches": {
        }
      },
      "/Users/sharonjin/Desktop/mentr/app/jobs/application_job.rb": {
        "lines": [
          0,
          null,
          null,
          null,
          null,
          null,
          0
        ],
        "branches": {
        }
      },
      "/Users/sharonjin/Desktop/mentr/app/controllers/users_controller.rb": {
        "lines": [
          0,
          0,
          0
        ],
        "branches": {
        }
      },
      "/Users/sharonjin/Desktop/mentr/app/channels/application_cable/connection.rb": {
        "lines": [
          0,
          0,
          0,
          0
        ],
        "branches": {
        }
      },
      "/Users/sharonjin/Desktop/mentr/app/channels/application_cable/channel.rb": {
        "lines": [
          0,
          0,
          0,
          0
        ],
        "branches": {
        }
      }
    },
    "timestamp": 1617049745
  }
}
