{
  "Cucumber Features": {
    "coverage": {
      "/Users/sharonjin/Desktop/mentr/app/models/user.rb": {
        "lines": [
          1,
          1,
          1,
          1,
          1,
          18,
          null,
          null,
          1,
          13,
          13,
          13,
          0,
          0,
          null,
          null,
          null,
          1,
          0,
          0,
          null,
          null,
          null,
          1,
          null,
          null
        ]
      },
      "/Users/sharonjin/Desktop/mentr/app/models/application_record.rb": {
        "lines": [
          1,
          1,
          null
        ]
      },
      "/Users/sharonjin/Desktop/mentr/app/controllers/catalog_controller.rb": {
        "lines": [
          1,
          1,
          null,
          1,
          24,
          null,
          24,
          0,
          null,
          null,
          24,
          4,
          null,
          20,
          null,
          null,
          null,
          1,
          2,
          2,
          null,
          null,
          1,
          1,
          26,
          null,
          null,
          null,
          null,
          null
        ]
      },
      "/Users/sharonjin/Desktop/mentr/app/controllers/application_controller.rb": {
        "lines": [
          1,
          1,
          null,
          1,
          1,
          44,
          44,
          44,
          44,
          null,
          null
        ]
      },
      "/Users/sharonjin/Desktop/mentr/app/helpers/application_helper.rb": {
        "lines": [
          1,
          null
        ]
      },
      "/Users/sharonjin/Desktop/mentr/app/helpers/catalog_helper.rb": {
        "lines": [
          1,
          null
        ]
      },
      "/Users/sharonjin/Desktop/mentr/app/helpers/homepage_helper.rb": {
        "lines": [
          1,
          null
        ]
      },
      "/Users/sharonjin/Desktop/mentr/app/helpers/mentor_helper.rb": {
        "lines": [
          1,
          null
        ]
      },
      "/Users/sharonjin/Desktop/mentr/app/helpers/mentors_helper.rb": {
        "lines": [
          1,
          null
        ]
      },
      "/Users/sharonjin/Desktop/mentr/app/helpers/users_helper.rb": {
        "lines": [
          1,
          null
        ]
      },
      "/Users/sharonjin/Desktop/mentr/app/models/mentor.rb": {
        "lines": [
          1,
          1,
          1,
          1,
          null
        ]
      },
      "/Users/sharonjin/Desktop/mentr/app/controllers/mentors_controller.rb": {
        "lines": [
          1,
          1,
          null,
          1,
          6,
          2,
          null,
          4,
          null,
          null,
          null,
          1,
          4,
          null,
          4,
          4,
          null,
          0,
          null,
          null,
          null,
          1,
          2,
          null,
          null,
          1,
          1,
          null,
          1,
          1,
          null,
          0,
          null,
          null,
          null,
          1,
          1,
          1,
          null,
          1,
          null,
          null,
          null
        ]
      },
      "/Users/sharonjin/Desktop/mentr/app/controllers/homepage_controller.rb": {
        "lines": [
          1,
          1,
          null,
          null
        ]
      },
      "/Users/sharonjin/Desktop/mentr/app/mailers/user_mailer.rb": {
        "lines": [
          0,
          0,
          null,
          0,
          0,
          0,
          null,
          0,
          0,
          null,
          0,
          0,
          0
        ],
        "branches": {
        }
      },
      "/Users/sharonjin/Desktop/mentr/app/mailers/application_mailer.rb": {
        "lines": [
          0,
          0,
          0,
          0
        ],
        "branches": {
        }
      },
      "/Users/sharonjin/Desktop/mentr/app/models/mentee.rb": {
        "lines": [
          0,
          0,
          0,
          0
        ],
        "branches": {
        }
      },
      "/Users/sharonjin/Desktop/mentr/app/models/subject.rb": {
        "lines": [
          0,
          0
        ],
        "branches": {
        }
      },
      "/Users/sharonjin/Desktop/mentr/app/jobs/application_job.rb": {
        "lines": [
          0,
          null,
          null,
          null,
          null,
          null,
          0
        ],
        "branches": {
        }
      },
      "/Users/sharonjin/Desktop/mentr/app/controllers/users_controller.rb": {
        "lines": [
          0,
          0,
          0
        ],
        "branches": {
        }
      },
      "/Users/sharonjin/Desktop/mentr/app/channels/application_cable/connection.rb": {
        "lines": [
          0,
          0,
          0,
          0
        ],
        "branches": {
        }
      },
      "/Users/sharonjin/Desktop/mentr/app/channels/application_cable/channel.rb": {
        "lines": [
          0,
          0,
          0,
          0
        ],
        "branches": {
        }
      }
    },
    "timestamp": 1617055725
  },
  "RSpec": {
    "coverage": {
      "/Users/sharonjin/Desktop/mentr/app/models/user.rb": {
        "lines": [
          1,
          1,
          1,
          1,
          1,
          0,
          null,
          null,
          1,
          1,
          1,
          0,
          1,
          1,
          null,
          null,
          null,
          1,
          0,
          0,
          null,
          null,
          null,
          1,
          null,
          null
        ]
      },
      "/Users/sharonjin/Desktop/mentr/app/models/application_record.rb": {
        "lines": [
          1,
          1,
          null
        ]
      },
      "/Users/sharonjin/Desktop/mentr/app/helpers/application_helper.rb": {
        "lines": [
          1,
          null
        ]
      },
      "/Users/sharonjin/Desktop/mentr/app/helpers/catalog_helper.rb": {
        "lines": [
          1,
          null
        ]
      },
      "/Users/sharonjin/Desktop/mentr/app/helpers/homepage_helper.rb": {
        "lines": [
          1,
          null
        ]
      },
      "/Users/sharonjin/Desktop/mentr/app/helpers/mentor_helper.rb": {
        "lines": [
          1,
          null
        ]
      },
      "/Users/sharonjin/Desktop/mentr/app/helpers/mentors_helper.rb": {
        "lines": [
          1,
          null
        ]
      },
      "/Users/sharonjin/Desktop/mentr/app/helpers/users_helper.rb": {
        "lines": [
          1,
          null
        ]
      },
      "/Users/sharonjin/Desktop/mentr/app/controllers/users_controller.rb": {
        "lines": [
          1,
          1,
          null
        ]
      },
      "/Users/sharonjin/Desktop/mentr/app/controllers/application_controller.rb": {
        "lines": [
          1,
          1,
          null,
          1,
          1,
          0,
          0,
          0,
          0,
          null,
          null
        ]
      },
      "/Users/sharonjin/Desktop/mentr/app/mailers/user_mailer.rb": {
        "lines": [
          1,
          1,
          null,
          1,
          0,
          0,
          null,
          0,
          0,
          null,
          0,
          null,
          null
        ]
      },
      "/Users/sharonjin/Desktop/mentr/app/mailers/application_mailer.rb": {
        "lines": [
          1,
          1,
          1,
          null
        ]
      },
      "/Users/sharonjin/Desktop/mentr/app/models/mentee.rb": {
        "lines": [
          1,
          1,
          1,
          null
        ]
      },
      "/Users/sharonjin/Desktop/mentr/app/models/mentor.rb": {
        "lines": [
          1,
          1,
          1,
          1,
          null
        ]
      },
      "/Users/sharonjin/Desktop/mentr/app/models/subject.rb": {
        "lines": [
          1,
          null
        ]
      },
      "/Users/sharonjin/Desktop/mentr/app/controllers/homepage_controller.rb": {
        "lines": [
          1,
          1,
          null,
          null
        ]
      },
      "/Users/sharonjin/Desktop/mentr/app/controllers/mentors_controller.rb": {
        "lines": [
          1,
          1,
          null,
          1,
          0,
          0,
          null,
          0,
          null,
          null,
          null,
          1,
          0,
          null,
          0,
          0,
          null,
          0,
          null,
          null,
          null,
          1,
          0,
          null,
          null,
          1,
          0,
          null,
          0,
          0,
          null,
          0,
          null,
          null,
          null,
          1,
          0,
          0,
          null,
          0,
          null,
          null,
          null
        ]
      },
      "/Users/sharonjin/Desktop/mentr/app/jobs/application_job.rb": {
        "lines": [
          0,
          null,
          null,
          null,
          null,
          null,
          0
        ],
        "branches": {
        }
      },
      "/Users/sharonjin/Desktop/mentr/app/controllers/catalog_controller.rb": {
        "lines": [
          0,
          0,
          null,
          0,
          0,
          null,
          0,
          0,
          0,
          null,
          0,
          0,
          0,
          0,
          0,
          0,
          null,
          0,
          0,
          0,
          0,
          null,
          0,
          0,
          0,
          0,
          0,
          0,
          null,
          0
        ],
        "branches": {
        }
      },
      "/Users/sharonjin/Desktop/mentr/app/channels/application_cable/connection.rb": {
        "lines": [
          0,
          0,
          0,
          0
        ],
        "branches": {
        }
      },
      "/Users/sharonjin/Desktop/mentr/app/channels/application_cable/channel.rb": {
        "lines": [
          0,
          0,
          0,
          0
        ],
        "branches": {
        }
      }
    },
    "timestamp": 1617055835
  }
}
